# JRE version: OpenJDK Runtime Environment (8.0_152-b01) (build 1.8.0_152-release-915-b01)
# Java VM: OpenJDK 64-Bit Server VM (25.152-b01 mixed mode windows-amd64 compressed oops)
Heap:
 PSYoungGen      total 462336K, used 6738K [0x00000000e0000000, 0x0000000100000000, 0x0000000100000000)
  eden space 399360K, 0% used [0x00000000e0000000,0x00000000e0000000,0x00000000f8600000)
  from space 62976K, 10% used [0x00000000fc280000,0x00000000fc914980,0x0000000100000000)
  to   space 61952K, 0% used [0x00000000f8600000,0x00000000f8600000,0x00000000fc280000)
 ParOldGen       total 177664K, used 177502K [0x00000000a0000000, 0x00000000aad80000, 0x00000000e0000000)
  object space 177664K, 99% used [0x00000000a0000000,0x00000000aad57a38,0x00000000aad80000)
 Metaspace       used 78386K, capacity 82326K, committed 82580K, reserved 1120256K
  class space    used 9990K, capacity 10920K, committed 10940K, reserved 1048576K
GC Heap History (10 events):
Event: 577.182 GC heap after
Heap after GC invocations=21 (full 3):
 PSYoungGen      total 307200K, used 12777K [0x00000000e0000000, 0x00000000f5a00000, 0x0000000100000000)
  eden space 268288K, 0% used [0x00000000e0000000,0x00000000e0000000,0x00000000f0600000)
  from space 38912K, 32% used [0x00000000f3400000,0x00000000f407a7a0,0x00000000f5a00000)
  to   space 43008K, 0% used [0x00000000f0600000,0x00000000f0600000,0x00000000f3000000)
 ParOldGen       total 172544K, used 92651K [0x00000000a0000000, 0x00000000aa880000, 0x00000000e0000000)
  object space 172544K, 53% used [0x00000000a0000000,0x00000000a5a7ad10,0x00000000aa880000)
 Metaspace       used 73782K, capacity 77636K, committed 77844K, reserved 1116160K
  class space    used 9601K, capacity 10527K, committed 10556K, reserved 1048576K
}
Event: 588.133 GC heap before
{Heap before GC invocations=22 (full 3):
 PSYoungGen      total 307200K, used 281065K [0x00000000e0000000, 0x00000000f5a00000, 0x0000000100000000)
  eden space 268288K, 100% used [0x00000000e0000000,0x00000000f0600000,0x00000000f0600000)
  from space 38912K, 32% used [0x00000000f3400000,0x00000000f407a7a0,0x00000000f5a00000)
  to   space 43008K, 0% used [0x00000000f0600000,0x00000000f0600000,0x00000000f3000000)
 ParOldGen       total 172544K, used 92651K [0x00000000a0000000, 0x00000000aa880000, 0x00000000e0000000)
  object space 172544K, 53% used [0x00000000a0000000,0x00000000a5a7ad10,0x00000000aa880000)
 Metaspace       used 77057K, capacity 80918K, committed 81172K, reserved 1120256K
  class space    used 9856K, capacity 10776K, committed 10812K, reserved 1048576K
Event: 588.159 GC heap after
Heap after GC invocations=22 (full 3):
 PSYoungGen      total 311296K, used 12480K [0x00000000e0000000, 0x00000000fab80000, 0x0000000100000000)
  eden space 268288K, 0% used [0x00000000e0000000,0x00000000e0000000,0x00000000f0600000)
  from space 43008K, 29% used [0x00000000f0600000,0x00000000f1230318,0x00000000f3000000)
  to   space 41472K, 0% used [0x00000000f8300000,0x00000000f8300000,0x00000000fab80000)
 ParOldGen       total 172544K, used 99035K [0x00000000a0000000, 0x00000000aa880000, 0x00000000e0000000)
  object space 172544K, 57% used [0x00000000a0000000,0x00000000a60b6e40,0x00000000aa880000)
 Metaspace       used 77057K, capacity 80918K, committed 81172K, reserved 1120256K
  class space    used 9856K, capacity 10776K, committed 10812K, reserved 1048576K
}
Event: 591.141 GC heap before
{Heap before GC invocations=23 (full 3):
 PSYoungGen      total 311296K, used 280768K [0x00000000e0000000, 0x00000000fab80000, 0x0000000100000000)
  eden space 268288K, 100% used [0x00000000e0000000,0x00000000f0600000,0x00000000f0600000)
  from space 43008K, 29% used [0x00000000f0600000,0x00000000f1230318,0x00000000f3000000)
  to   space 41472K, 0% used [0x00000000f8300000,0x00000000f8300000,0x00000000fab80000)
 ParOldGen       total 172544K, used 99035K [0x00000000a0000000, 0x00000000aa880000, 0x00000000e0000000)
  object space 172544K, 57% used [0x00000000a0000000,0x00000000a60b6e40,0x00000000aa880000)
 Metaspace       used 77195K, capacity 81142K, committed 81428K, reserved 1120256K
  class space    used 9867K, capacity 10808K, committed 10812K, reserved 1048576K
Event: 591.167 GC heap after
Heap after GC invocations=23 (full 3):
 PSYoungGen      total 387072K, used 23607K [0x00000000e0000000, 0x00000000fa700000, 0x0000000100000000)
  eden space 350208K, 0% used [0x00000000e0000000,0x00000000e0000000,0x00000000f5600000)
  from space 36864K, 64% used [0x00000000f8300000,0x00000000f9a0dc08,0x00000000fa700000)
  to   space 41472K, 0% used [0x00000000f5600000,0x00000000f5600000,0x00000000f7e80000)
 ParOldGen       total 172544K, used 101616K [0x00000000a0000000, 0x00000000aa880000, 0x00000000e0000000)
  object space 172544K, 58% used [0x00000000a0000000,0x00000000a633c120,0x00000000aa880000)
 Metaspace       used 77195K, capacity 81142K, committed 81428K, reserved 1120256K
  class space    used 9867K, capacity 10808K, committed 10812K, reserved 1048576K
}
Event: 592.932 GC heap before
{Heap before GC invocations=24 (full 3):
 PSYoungGen      total 387072K, used 373815K [0x00000000e0000000, 0x00000000fa700000, 0x0000000100000000)
  eden space 350208K, 100% used [0x00000000e0000000,0x00000000f5600000,0x00000000f5600000)
  from space 36864K, 64% used [0x00000000f8300000,0x00000000f9a0dc08,0x00000000fa700000)
  to   space 41472K, 0% used [0x00000000f5600000,0x00000000f5600000,0x00000000f7e80000)
 ParOldGen       total 172544K, used 101616K [0x00000000a0000000, 0x00000000aa880000, 0x00000000e0000000)
  object space 172544K, 58% used [0x00000000a0000000,0x00000000a633c120,0x00000000aa880000)
 Metaspace       used 77949K, capacity 81860K, committed 82068K, reserved 1120256K
  class space    used 9946K, capacity 10875K, committed 10940K, reserved 1048576K
Event: 593.027 GC heap after
Heap after GC invocations=24 (full 3):
 PSYoungGen      total 391680K, used 41456K [0x00000000e0000000, 0x0000000100000000, 0x0000000100000000)
  eden space 350208K, 0% used [0x00000000e0000000,0x00000000e0000000,0x00000000f5600000)
  from space 41472K, 99% used [0x00000000f5600000,0x00000000f7e7c300,0x00000000f7e80000)
  to   space 62976K, 0% used [0x00000000fc280000,0x00000000fc280000,0x0000000100000000)
 ParOldGen       total 172544K, used 142842K [0x00000000a0000000, 0x00000000aa880000, 0x00000000e0000000)
  object space 172544K, 82% used [0x00000000a0000000,0x00000000a8b7e818,0x00000000aa880000)
 Metaspace       used 77949K, capacity 81860K, committed 82068K, reserved 1120256K
  class space    used 9946K, capacity 10875K, committed 10940K, reserved 1048576K
}
Event: 605.839 GC heap before
{Heap before GC invocations=25 (full 3):
 PSYoungGen      total 391680K, used 391297K [0x00000000e0000000, 0x0000000100000000, 0x0000000100000000)
  eden space 350208K, 99% used [0x00000000e0000000,0x00000000f55a4408,0x00000000f5600000)
  from space 41472K, 99% used [0x00000000f5600000,0x00000000f7e7c300,0x00000000f7e80000)
  to   space 62976K, 0% used [0x00000000fc280000,0x00000000fc280000,0x0000000100000000)
 ParOldGen       total 172544K, used 142842K [0x00000000a0000000, 0x00000000aa880000, 0x00000000e0000000)
  object space 172544K, 82% used [0x00000000a0000000,0x00000000a8b7e818,0x00000000aa880000)
 Metaspace       used 78386K, capacity 82326K, committed 82580K, reserved 1120256K
  class space    used 9990K, capacity 10920K, committed 10940K, reserved 1048576K
Event: 605.872 GC heap after
Heap after GC invocations=25 (full 3):
 PSYoungGen      total 462336K, used 6738K [0x00000000e0000000, 0x0000000100000000, 0x0000000100000000)
  eden space 399360K, 0% used [0x00000000e0000000,0x00000000e0000000,0x00000000f8600000)
  from space 62976K, 10% used [0x00000000fc280000,0x00000000fc914980,0x0000000100000000)
  to   space 61952K, 0% used [0x00000000f8600000,0x00000000f8600000,0x00000000fc280000)
 ParOldGen       total 177664K, used 177502K [0x00000000a0000000, 0x00000000aad80000, 0x00000000e0000000)
  object space 177664K, 99% used [0x00000000a0000000,0x00000000aad57a38,0x00000000aad80000)
 Metaspace       used 78386K, capacity 82326K, committed 82580K, reserved 1120256K
  class space    used 9990K, capacity 10920K, committed 10940K, reserved 1048576K
}
Event: 605.872 GC heap before
{Heap before GC invocations=26 (full 4):
 PSYoungGen      total 462336K, used 6738K [0x00000000e0000000, 0x0000000100000000, 0x0000000100000000)
  eden space 399360K, 0% used [0x00000000e0000000,0x00000000e0000000,0x00000000f8600000)
  from space 62976K, 10% used [0x00000000fc280000,0x00000000fc914980,0x0000000100000000)
  to   space 61952K, 0% used [0x00000000f8600000,0x00000000f8600000,0x00000000fc280000)
 ParOldGen       total 177664K, used 177502K [0x00000000a0000000, 0x00000000aad80000, 0x00000000e0000000)
  object space 177664K, 99% used [0x00000000a0000000,0x00000000aad57a38,0x00000000aad80000)
 Metaspace       used 78386K, capacity 82326K, committed 82580K, reserved 1120256K
  class space    used 9990K, capacity 10920K, committed 10940K, reserved 1048576K

